<?xml version="1.0" encoding="UTF-8"?>
<robot generator="Robot 6.1.1 (Python 3.12.0 on win32)" generated="20231026 08:17:07.900" rpa="false" schemaversion="4">
<suite id="s1" name="E2E" source="C:\Users\jlenz\Documents\Stuff-Career\Projects\testchallenge-adventureconsultancysolutions-robotframework\tests\e2e.robot">
<test id="s1-t1" name="EndToEnd" line="8">
<kw name="I go to Luma Marketplace" library="actions_Section_Header">
<kw name="New Browser" library="Browser">
<arg>${browser}</arg>
<arg>headless=${isHeadless}</arg>
<tag>BrowserControl</tag>
<tag>Setter</tag>
<doc>Create a new playwright Browser with specified options.</doc>
<msg timestamp="20231026 08:17:08.623" level="INFO">{"browser": "chromium", "headless": false, "chromiumSandbox": false, "devtools": false, "handleSIGHUP": true, "handleSIGINT": true, "handleSIGTERM": true, "slowMo": 0.0, "timeout": 30000.0, "tracesDir": "C:\\Users\\jlenz\\Documents\\Stuff-Career\\Projects\\testchallenge-adventureconsultancysolutions-robotframework\\log\\browser\\traces\\a712aba7-0f0c-4234-a9e0-5bba9610e489"}</msg>
<msg timestamp="20231026 08:17:08.915" level="INFO">Successfully created browser with options: {"browser":"chromium","headless":false,"chromiumSandbox":false,"devtools":false,"handleSIGHUP":true,"handleSIGINT":true,"handleSIGTERM":true,"slowMo":0,"timeout":30000,"tracesDir":"C:\\Users\\jlenz\\Documents\\Stuff-Career\\Projects\\testchallenge-adventureconsultancysolutions-robotframework\\log\\browser\\traces\\a712aba7-0f0c-4234-a9e0-5bba9610e489"}</msg>
<status status="PASS" starttime="20231026 08:17:08.623" endtime="20231026 08:17:08.915"/>
</kw>
<kw name="New Context" library="Browser">
<arg>viewport={'width': ${browserWidth}, 'height': ${browserHeight}}</arg>
<tag>BrowserControl</tag>
<tag>Setter</tag>
<doc>Create a new BrowserContext with specified options.</doc>
<msg timestamp="20231026 08:17:08.917" level="INFO">{
  "acceptDownloads": true,
  "bypassCSP": false,
  "forcedColors": "none",
  "hideRfBrowser": "",
  "ignoreHTTPSErrors": false,
  "javaScriptEnabled": true,
  "offline": false,
  "reducedMotion": "no-preference",
  "serviceWorkers": "allow",
  "viewport": {
    "width": 1920,
    "height": 1080
  }
}</msg>
<msg timestamp="20231026 08:17:08.934" level="INFO">Successfully created context. </msg>
<msg timestamp="20231026 08:17:08.935" level="INFO">{'acceptDownloads': True, 'bypassCSP': False, 'forcedColors': 'none', 'hideRfBrowser': '', 'ignoreHTTPSErrors': False, 'javaScriptEnabled': True, 'offline': False, 'reducedMotion': 'no-preference', 'serviceWorkers': 'allow', 'viewport': {'width': 1920, 'height': 1080}}</msg>
<status status="PASS" starttime="20231026 08:17:08.916" endtime="20231026 08:17:08.935"/>
</kw>
<kw name="New Page" library="Browser">
<arg>https://magento.softwaretestingboard.com/</arg>
<tag>BrowserControl</tag>
<tag>Setter</tag>
<doc>Open a new Page.</doc>
<msg timestamp="20231026 08:17:10.406" level="INFO">Successfully initialized new page object and opened url: https://magento.softwaretestingboard.com/</msg>
<status status="PASS" starttime="20231026 08:17:08.935" endtime="20231026 08:17:10.407"/>
</kw>
<status status="PASS" starttime="20231026 08:17:08.622" endtime="20231026 08:17:10.407"/>
</kw>
<kw name="I register a new account" library="actions_MergedPages">
<kw name="I go to Create New Customer Account page" library="actions_Section_Header">
<kw name="Click" library="Browser">
<arg>${header_Link_CreateAnAccount}</arg>
<tag>PageContent</tag>
<tag>Setter</tag>
<doc>Simulates mouse click on the element found by ``selector``.</doc>
<status status="PASS" starttime="20231026 08:17:10.408" endtime="20231026 08:17:11.221"/>
</kw>
<status status="PASS" starttime="20231026 08:17:10.407" endtime="20231026 08:17:11.221"/>
</kw>
<kw name="I fill up the required information" library="actions_Page_CreateAccount">
<kw name="Type Text" library="Browser">
<arg>${createAccount_Input_FirstName}</arg>
<arg>${firstName}</arg>
<tag>PageContent</tag>
<tag>Setter</tag>
<doc>Types the given ``txt`` into the text field found by ``selector``.</doc>
<msg timestamp="20231026 08:17:11.221" level="INFO">Types the text 'Sample' in the given field.</msg>
<status status="PASS" starttime="20231026 08:17:11.221" endtime="20231026 08:17:11.392"/>
</kw>
<kw name="Type Text" library="Browser">
<arg>${createAccount_Input_LastName}</arg>
<arg>${lastName}</arg>
<tag>PageContent</tag>
<tag>Setter</tag>
<doc>Types the given ``txt`` into the text field found by ``selector``.</doc>
<msg timestamp="20231026 08:17:11.393" level="INFO">Types the text 'Automation' in the given field.</msg>
<status status="PASS" starttime="20231026 08:17:11.393" endtime="20231026 08:17:11.505"/>
</kw>
<kw name="Generate Random Email" library="actions_Page_CreateAccount">
<kw name="Generate Random String" library="String">
<var>${random}</var>
<arg>8</arg>
<arg>[NUMBERS]</arg>
<doc>Generates a string with a desired ``length`` from the given ``chars``.</doc>
<msg timestamp="20231026 08:17:11.506" level="INFO">${random} = 69834312</msg>
<status status="PASS" starttime="20231026 08:17:11.506" endtime="20231026 08:17:11.506"/>
</kw>
<kw name="Catenate" library="BuiltIn">
<var>${randomEmail}</var>
<arg>user${random}@email.com</arg>
<doc>Catenates the given items together and returns the resulted string.</doc>
<msg timestamp="20231026 08:17:11.506" level="INFO">${randomEmail} = user69834312@email.com</msg>
<status status="PASS" starttime="20231026 08:17:11.506" endtime="20231026 08:17:11.506"/>
</kw>
<kw name="Set Global Variable" library="BuiltIn">
<arg>${randomEmail}</arg>
<doc>Makes a variable available globally in all tests and suites.</doc>
<msg timestamp="20231026 08:17:11.507" level="INFO">${randomEmail} = user69834312@email.com</msg>
<status status="PASS" starttime="20231026 08:17:11.506" endtime="20231026 08:17:11.507"/>
</kw>
<status status="PASS" starttime="20231026 08:17:11.505" endtime="20231026 08:17:11.507"/>
</kw>
<kw name="Type Text" library="Browser">
<arg>${createAccount_Input_Email}</arg>
<arg>${randomEmail}</arg>
<tag>PageContent</tag>
<tag>Setter</tag>
<doc>Types the given ``txt`` into the text field found by ``selector``.</doc>
<msg timestamp="20231026 08:17:11.507" level="INFO">Types the text 'user69834312@email.com' in the given field.</msg>
<status status="PASS" starttime="20231026 08:17:11.507" endtime="20231026 08:17:11.551"/>
</kw>
<kw name="Type Text" library="Browser">
<arg>${createAccount_Input_Password}</arg>
<arg>${password}</arg>
<tag>PageContent</tag>
<tag>Setter</tag>
<doc>Types the given ``txt`` into the text field found by ``selector``.</doc>
<msg timestamp="20231026 08:17:11.552" level="INFO">Types the text 'Test.321' in the given field.</msg>
<status status="PASS" starttime="20231026 08:17:11.551" endtime="20231026 08:17:11.592"/>
</kw>
<kw name="Type Text" library="Browser">
<arg>${createAccount_Input_ConfirmPassword}</arg>
<arg>${password}</arg>
<tag>PageContent</tag>
<tag>Setter</tag>
<doc>Types the given ``txt`` into the text field found by ``selector``.</doc>
<msg timestamp="20231026 08:17:11.593" level="INFO">Types the text 'Test.321' in the given field.</msg>
<status status="PASS" starttime="20231026 08:17:11.592" endtime="20231026 08:17:11.613"/>
</kw>
<kw name="Click" library="Browser">
<arg>${createAccount_Button_CreateAnAccount}</arg>
<tag>PageContent</tag>
<tag>Setter</tag>
<doc>Simulates mouse click on the element found by ``selector``.</doc>
<status status="PASS" starttime="20231026 08:17:11.614" endtime="20231026 08:17:13.966"/>
</kw>
<status status="PASS" starttime="20231026 08:17:11.221" endtime="20231026 08:17:13.966"/>
</kw>
<status status="PASS" starttime="20231026 08:17:10.407" endtime="20231026 08:17:13.967"/>
</kw>
<kw name="I logoff" library="actions_Section_Header">
<kw name="Wait For Elements State" library="Browser">
<arg>${header_Accordion_ProfileName}</arg>
<arg>stable</arg>
<tag>PageContent</tag>
<tag>Wait</tag>
<doc>Waits for the element found by ``selector`` to satisfy state option.</doc>
<msg timestamp="20231026 08:17:14.096" level="INFO">Waited for Element with selector xpath=//header[@class = "page-header"]//button[@data-action="customer-menu-toggle"] at state stable</msg>
<status status="PASS" starttime="20231026 08:17:13.967" endtime="20231026 08:17:14.097"/>
</kw>
<kw name="Click" library="Browser">
<arg>${header_Accordion_ProfileName}</arg>
<tag>PageContent</tag>
<tag>Setter</tag>
<doc>Simulates mouse click on the element found by ``selector``.</doc>
<status status="PASS" starttime="20231026 08:17:14.097" endtime="20231026 08:17:14.200"/>
</kw>
<kw name="Click" library="Browser">
<arg>${header_Link_SignOut}</arg>
<tag>PageContent</tag>
<tag>Setter</tag>
<doc>Simulates mouse click on the element found by ``selector``.</doc>
<status status="PASS" starttime="20231026 08:17:14.201" endtime="20231026 08:17:15.289"/>
</kw>
<status status="PASS" starttime="20231026 08:17:13.967" endtime="20231026 08:17:15.289"/>
</kw>
<kw name="I login using the new registered account" library="actions_MergedPages">
<kw name="I go to Customer Login page" library="actions_Section_Header">
<kw name="Click" library="Browser">
<arg>${header_Link_SignIn}</arg>
<tag>PageContent</tag>
<tag>Setter</tag>
<doc>Simulates mouse click on the element found by ``selector``.</doc>
<status status="PASS" starttime="20231026 08:17:15.290" endtime="20231026 08:17:16.071"/>
</kw>
<status status="PASS" starttime="20231026 08:17:15.290" endtime="20231026 08:17:16.071"/>
</kw>
<kw name="I provide valid login credentials" library="actions_Page_CustomerLogin">
<kw name="Type Text" library="Browser">
<arg>${customerLogin_Input_Email}</arg>
<arg>${randomEmail}</arg>
<tag>PageContent</tag>
<tag>Setter</tag>
<doc>Types the given ``txt`` into the text field found by ``selector``.</doc>
<msg timestamp="20231026 08:17:16.071" level="INFO">Types the text 'user69834312@email.com' in the given field.</msg>
<status status="PASS" starttime="20231026 08:17:16.071" endtime="20231026 08:17:16.254"/>
</kw>
<kw name="Type Text" library="Browser">
<arg>${customerLogin_Input_Password}</arg>
<arg>${password}</arg>
<tag>PageContent</tag>
<tag>Setter</tag>
<doc>Types the given ``txt`` into the text field found by ``selector``.</doc>
<msg timestamp="20231026 08:17:16.255" level="INFO">Types the text 'Test.321' in the given field.</msg>
<status status="PASS" starttime="20231026 08:17:16.254" endtime="20231026 08:17:16.348"/>
</kw>
<kw name="Click" library="Browser">
<arg>${customerLogin_Button_SignIn}</arg>
<tag>PageContent</tag>
<tag>Setter</tag>
<doc>Simulates mouse click on the element found by ``selector``.</doc>
<status status="PASS" starttime="20231026 08:17:16.348" endtime="20231026 08:17:17.953"/>
</kw>
<status status="PASS" starttime="20231026 08:17:16.071" endtime="20231026 08:17:17.953"/>
</kw>
<status status="PASS" starttime="20231026 08:17:15.289" endtime="20231026 08:17:17.953"/>
</kw>
<kw name="I add several items in the cart" library="actions_MergedPages">
<kw name="I click the header tab" library="actions_Section_Header">
<arg>Men</arg>
<kw name="Click" library="Browser">
<arg>xpath=//span[text() = "${headerTabName}"]/ancestor::a</arg>
<tag>PageContent</tag>
<tag>Setter</tag>
<doc>Simulates mouse click on the element found by ``selector``.</doc>
<status status="PASS" starttime="20231026 08:17:17.954" endtime="20231026 08:17:18.549"/>
</kw>
<status status="PASS" starttime="20231026 08:17:17.954" endtime="20231026 08:17:18.550"/>
</kw>
<kw name="I click the sidebar link" library="actions_Section_SideBar">
<arg>Jackets</arg>
<kw name="Click" library="Browser">
<arg>xpath=//div[@class = "sidebar sidebar-main"]//a[text() = "${sidebarLinkText}"]</arg>
<tag>PageContent</tag>
<tag>Setter</tag>
<doc>Simulates mouse click on the element found by ``selector``.</doc>
<status status="PASS" starttime="20231026 08:17:18.550" endtime="20231026 08:17:19.355"/>
</kw>
<status status="PASS" starttime="20231026 08:17:18.550" endtime="20231026 08:17:19.355"/>
</kw>
<kw name="I order the item" library="actions_Page_ProductsView">
<arg>${itemOne_Name}</arg>
<arg>${itemOne_Size}</arg>
<arg>${itemOne_Color}</arg>
<arg>${itemOne_Count}</arg>
<kw name="Click" library="Browser">
<arg>xpath=//ol[@class = "products list items product-items"]//li//strong[@class = "product name product-item-name"]//a[contains(text(), "${itemName}")]</arg>
<tag>PageContent</tag>
<tag>Setter</tag>
<doc>Simulates mouse click on the element found by ``selector``.</doc>
<status status="PASS" starttime="20231026 08:17:19.356" endtime="20231026 08:17:19.948"/>
</kw>
<kw name="Click" library="Browser">
<arg>xpath=//form[@id = "product_addtocart_form"]//div[contains(@aria-labelledby, "option-label-size")]/div[@option-label="${itemSize}"]</arg>
<tag>PageContent</tag>
<tag>Setter</tag>
<doc>Simulates mouse click on the element found by ``selector``.</doc>
<status status="PASS" starttime="20231026 08:17:19.948" endtime="20231026 08:17:20.381"/>
</kw>
<kw name="Click" library="Browser">
<arg>xpath=//form[@id = "product_addtocart_form"]//div[contains(@aria-labelledby, "option-label-color")]/div[@option-label="${itemColor}"]</arg>
<tag>PageContent</tag>
<tag>Setter</tag>
<doc>Simulates mouse click on the element found by ``selector``.</doc>
<status status="PASS" starttime="20231026 08:17:20.381" endtime="20231026 08:17:20.408"/>
</kw>
<kw name="Clear Text" library="Browser">
<arg>xpath=//form[@id = "product_addtocart_form"]//input[@name = "qty"]</arg>
<tag>PageContent</tag>
<tag>Setter</tag>
<doc>Clears the text field found by ``selector``.</doc>
<status status="PASS" starttime="20231026 08:17:20.409" endtime="20231026 08:17:20.422"/>
</kw>
<kw name="Type Text" library="Browser">
<arg>xpath=//form[@id = "product_addtocart_form"]//input[@name = "qty"]</arg>
<arg>${itemCount}</arg>
<tag>PageContent</tag>
<tag>Setter</tag>
<doc>Types the given ``txt`` into the text field found by ``selector``.</doc>
<msg timestamp="20231026 08:17:20.423" level="INFO">Types the text '1' in the given field.</msg>
<status status="PASS" starttime="20231026 08:17:20.423" endtime="20231026 08:17:20.436"/>
</kw>
<kw name="Click" library="Browser">
<arg>${productsView_Button_AddToCart}</arg>
<tag>PageContent</tag>
<tag>Setter</tag>
<doc>Simulates mouse click on the element found by ``selector``.</doc>
<status status="PASS" starttime="20231026 08:17:20.436" endtime="20231026 08:17:20.489"/>
</kw>
<kw name="Wait For Elements State" library="Browser">
<arg>${productsView_Button_Added}</arg>
<arg>stable</arg>
<tag>PageContent</tag>
<tag>Wait</tag>
<doc>Waits for the element found by ``selector`` to satisfy state option.</doc>
<msg timestamp="20231026 08:17:21.327" level="INFO">Waited for Element with selector xpath=//button[@title = "Added"] at state stable</msg>
<status status="PASS" starttime="20231026 08:17:20.489" endtime="20231026 08:17:21.328"/>
</kw>
<status status="PASS" starttime="20231026 08:17:19.355" endtime="20231026 08:17:21.328"/>
</kw>
<kw name="I click the header tab" library="actions_Section_Header">
<arg>Women</arg>
<kw name="Click" library="Browser">
<arg>xpath=//span[text() = "${headerTabName}"]/ancestor::a</arg>
<tag>PageContent</tag>
<tag>Setter</tag>
<doc>Simulates mouse click on the element found by ``selector``.</doc>
<status status="PASS" starttime="20231026 08:17:21.328" endtime="20231026 08:17:21.840"/>
</kw>
<status status="PASS" starttime="20231026 08:17:21.328" endtime="20231026 08:17:21.841"/>
</kw>
<kw name="I click the sidebar link" library="actions_Section_SideBar">
<arg>Shorts</arg>
<kw name="Click" library="Browser">
<arg>xpath=//div[@class = "sidebar sidebar-main"]//a[text() = "${sidebarLinkText}"]</arg>
<tag>PageContent</tag>
<tag>Setter</tag>
<doc>Simulates mouse click on the element found by ``selector``.</doc>
<status status="PASS" starttime="20231026 08:17:21.841" endtime="20231026 08:17:22.431"/>
</kw>
<status status="PASS" starttime="20231026 08:17:21.841" endtime="20231026 08:17:22.432"/>
</kw>
<kw name="I order the item" library="actions_Page_ProductsView">
<arg>${itemTwo_Name}</arg>
<arg>${itemTwo_Size}</arg>
<arg>${itemTwo_Color}</arg>
<arg>${itemTwo_Count}</arg>
<kw name="Click" library="Browser">
<arg>xpath=//ol[@class = "products list items product-items"]//li//strong[@class = "product name product-item-name"]//a[contains(text(), "${itemName}")]</arg>
<tag>PageContent</tag>
<tag>Setter</tag>
<doc>Simulates mouse click on the element found by ``selector``.</doc>
<status status="PASS" starttime="20231026 08:17:22.432" endtime="20231026 08:17:23.031"/>
</kw>
<kw name="Click" library="Browser">
<arg>xpath=//form[@id = "product_addtocart_form"]//div[contains(@aria-labelledby, "option-label-size")]/div[@option-label="${itemSize}"]</arg>
<tag>PageContent</tag>
<tag>Setter</tag>
<doc>Simulates mouse click on the element found by ``selector``.</doc>
<status status="PASS" starttime="20231026 08:17:23.031" endtime="20231026 08:17:23.426"/>
</kw>
<kw name="Click" library="Browser">
<arg>xpath=//form[@id = "product_addtocart_form"]//div[contains(@aria-labelledby, "option-label-color")]/div[@option-label="${itemColor}"]</arg>
<tag>PageContent</tag>
<tag>Setter</tag>
<doc>Simulates mouse click on the element found by ``selector``.</doc>
<status status="PASS" starttime="20231026 08:17:23.426" endtime="20231026 08:17:23.468"/>
</kw>
<kw name="Clear Text" library="Browser">
<arg>xpath=//form[@id = "product_addtocart_form"]//input[@name = "qty"]</arg>
<tag>PageContent</tag>
<tag>Setter</tag>
<doc>Clears the text field found by ``selector``.</doc>
<status status="PASS" starttime="20231026 08:17:23.469" endtime="20231026 08:17:23.481"/>
</kw>
<kw name="Type Text" library="Browser">
<arg>xpath=//form[@id = "product_addtocart_form"]//input[@name = "qty"]</arg>
<arg>${itemCount}</arg>
<tag>PageContent</tag>
<tag>Setter</tag>
<doc>Types the given ``txt`` into the text field found by ``selector``.</doc>
<msg timestamp="20231026 08:17:23.482" level="INFO">Types the text '2' in the given field.</msg>
<status status="PASS" starttime="20231026 08:17:23.482" endtime="20231026 08:17:23.494"/>
</kw>
<kw name="Click" library="Browser">
<arg>${productsView_Button_AddToCart}</arg>
<tag>PageContent</tag>
<tag>Setter</tag>
<doc>Simulates mouse click on the element found by ``selector``.</doc>
<status status="PASS" starttime="20231026 08:17:23.494" endtime="20231026 08:17:23.534"/>
</kw>
<kw name="Wait For Elements State" library="Browser">
<arg>${productsView_Button_Added}</arg>
<arg>stable</arg>
<tag>PageContent</tag>
<tag>Wait</tag>
<doc>Waits for the element found by ``selector`` to satisfy state option.</doc>
<msg timestamp="20231026 08:17:24.867" level="INFO">Waited for Element with selector xpath=//button[@title = "Added"] at state stable</msg>
<status status="PASS" starttime="20231026 08:17:23.536" endtime="20231026 08:17:24.868"/>
</kw>
<status status="PASS" starttime="20231026 08:17:22.432" endtime="20231026 08:17:24.868"/>
</kw>
<status status="PASS" starttime="20231026 08:17:17.953" endtime="20231026 08:17:24.868"/>
</kw>
<kw name="I validate the items added in the cart" library="actions_MergedPages">
<kw name="I go to Shopping Cart page" library="actions_Section_Header">
<kw name="Click" library="Browser">
<arg>${header_Link_Cart}</arg>
<tag>PageContent</tag>
<tag>Setter</tag>
<doc>Simulates mouse click on the element found by ``selector``.</doc>
<status status="PASS" starttime="20231026 08:17:24.868" endtime="20231026 08:17:24.894"/>
</kw>
<kw name="Click" library="Browser">
<arg>${header_Link_ViewCart}</arg>
<tag>PageContent</tag>
<tag>Setter</tag>
<doc>Simulates mouse click on the element found by ``selector``.</doc>
<status status="PASS" starttime="20231026 08:17:24.894" endtime="20231026 08:17:26.439"/>
</kw>
<status status="PASS" starttime="20231026 08:17:24.868" endtime="20231026 08:17:26.440"/>
</kw>
<kw name="Initialize order total" library="actions_Page_ShoppingCart">
<kw name="Set Global Variable" library="BuiltIn">
<arg>${orderTotal}</arg>
<arg>0</arg>
<doc>Makes a variable available globally in all tests and suites.</doc>
<msg timestamp="20231026 08:17:26.441" level="INFO">${orderTotal} = 0</msg>
<status status="PASS" starttime="20231026 08:17:26.440" endtime="20231026 08:17:26.441"/>
</kw>
<status status="PASS" starttime="20231026 08:17:26.440" endtime="20231026 08:17:26.441"/>
</kw>
<kw name="I validate the item added" library="actions_Page_ShoppingCart">
<arg>${itemOne_Name}</arg>
<arg>${itemOne_Price}</arg>
<arg>${itemOne_Size}</arg>
<arg>${itemOne_Color}</arg>
<arg>${itemOne_Count}</arg>
<kw name="Get Element Count" library="Browser">
<arg>xpath=//table[@id = "shopping-cart-table"]//tr[@class = "item-info"]//a[contains(text(), "${itemName}")]</arg>
<arg>&gt;</arg>
<arg>0</arg>
<arg>"The item \"${itemName}\" was not found!"</arg>
<tag>Assertion</tag>
<tag>Getter</tag>
<tag>PageContent</tag>
<doc>Returns the count of elements found with ``selector``.</doc>
<status status="PASS" starttime="20231026 08:17:26.442" endtime="20231026 08:17:26.500"/>
</kw>
<kw name="Get Text" library="Browser">
<arg>xpath=//table[@id = "shopping-cart-table"]//a[contains(text(), "${itemName}")]//ancestor::tr[@class = "item-info"]//td[@data-th= "Price"]//span[@class = "price"]</arg>
<arg>*=</arg>
<arg>${itemPrice}</arg>
<arg>"The item \"${itemName}\" price is incorrect!"</arg>
<tag>Assertion</tag>
<tag>Getter</tag>
<tag>PageContent</tag>
<doc>Returns text attribute of the element found by ``selector``.</doc>
<msg timestamp="20231026 08:17:26.606" level="INFO">Text: '$49.00'</msg>
<status status="PASS" starttime="20231026 08:17:26.501" endtime="20231026 08:17:26.606"/>
</kw>
<kw name="Get Attribute" library="Browser">
<arg>xpath=//table[@id = "shopping-cart-table"]//a[contains(text(), "${itemName}")]//ancestor::tr[@class = "item-info"]//td[@data-th= "Qty"]//input</arg>
<arg>value</arg>
<arg>==</arg>
<arg>${itemCount}</arg>
<arg>"The item \"${itemName}\" quantity is incorrect!"</arg>
<tag>Assertion</tag>
<tag>Getter</tag>
<tag>PageContent</tag>
<doc>Returns the HTML ``attribute`` of the element found by ``selector``.</doc>
<msg timestamp="20231026 08:17:26.718" level="INFO">Attribute is: '1'</msg>
<status status="PASS" starttime="20231026 08:17:26.606" endtime="20231026 08:17:26.718"/>
</kw>
<kw name="Evaluate" library="BuiltIn">
<var>${itemSubTotal}</var>
<arg>${itemPrice} * ${itemCount}</arg>
<doc>Evaluates the given expression in Python and returns the result.</doc>
<msg timestamp="20231026 08:17:26.719" level="INFO">${itemSubTotal} = 49.0</msg>
<status status="PASS" starttime="20231026 08:17:26.718" endtime="20231026 08:17:26.719"/>
</kw>
<kw name="Convert To Number" library="BuiltIn">
<var>${itemSubTotal}</var>
<arg>${itemSubTotal}</arg>
<arg>2</arg>
<doc>Converts the given item to a floating point number.</doc>
<msg timestamp="20231026 08:17:26.719" level="INFO">${itemSubTotal} = 49.0</msg>
<status status="PASS" starttime="20231026 08:17:26.719" endtime="20231026 08:17:26.719"/>
</kw>
<kw name="Evaluate" library="BuiltIn">
<var>${orderTotal}</var>
<arg>${orderTotal} + ${itemSubTotal}</arg>
<doc>Evaluates the given expression in Python and returns the result.</doc>
<msg timestamp="20231026 08:17:26.720" level="INFO">${orderTotal} = 49.0</msg>
<status status="PASS" starttime="20231026 08:17:26.719" endtime="20231026 08:17:26.720"/>
</kw>
<kw name="Convert To Number" library="BuiltIn">
<var>${orderTotal}</var>
<arg>${orderTotal}</arg>
<arg>2</arg>
<doc>Converts the given item to a floating point number.</doc>
<msg timestamp="20231026 08:17:26.720" level="INFO">${orderTotal} = 49.0</msg>
<status status="PASS" starttime="20231026 08:17:26.720" endtime="20231026 08:17:26.720"/>
</kw>
<kw name="Set Global Variable" library="BuiltIn">
<arg>${orderTotal}</arg>
<arg>${orderTotal}</arg>
<doc>Makes a variable available globally in all tests and suites.</doc>
<msg timestamp="20231026 08:17:26.721" level="INFO">${orderTotal} = 49.0</msg>
<status status="PASS" starttime="20231026 08:17:26.720" endtime="20231026 08:17:26.721"/>
</kw>
<kw name="Convert To String" library="BuiltIn">
<var>${itemSubTotal}</var>
<arg>${itemSubTotal}</arg>
<doc>Converts the given item to a Unicode string.</doc>
<msg timestamp="20231026 08:17:26.721" level="INFO">${itemSubTotal} = 49.0</msg>
<status status="PASS" starttime="20231026 08:17:26.721" endtime="20231026 08:17:26.721"/>
</kw>
<kw name="Catenate" library="BuiltIn">
<var>${itemSubTotal}</var>
<arg>$${itemSubTotal}</arg>
<doc>Catenates the given items together and returns the resulted string.</doc>
<msg timestamp="20231026 08:17:26.721" level="INFO">${itemSubTotal} = $49.0</msg>
<status status="PASS" starttime="20231026 08:17:26.721" endtime="20231026 08:17:26.721"/>
</kw>
<kw name="Get Text" library="Browser">
<arg>xpath=//table[@id = "shopping-cart-table"]//a[contains(text(), "${itemName}")]//ancestor::tr[@class = "item-info"]//td[@data-th= "Subtotal"]//span[@class = "price"]</arg>
<arg>*=</arg>
<arg>${itemSubTotal}</arg>
<arg>"The item \"${itemName}\" subtotal is incorrect!"</arg>
<tag>Assertion</tag>
<tag>Getter</tag>
<tag>PageContent</tag>
<doc>Returns text attribute of the element found by ``selector``.</doc>
<msg timestamp="20231026 08:17:26.858" level="INFO">Text: '$49.00'</msg>
<status status="PASS" starttime="20231026 08:17:26.722" endtime="20231026 08:17:26.858"/>
</kw>
<status status="PASS" starttime="20231026 08:17:26.442" endtime="20231026 08:17:26.859"/>
</kw>
<kw name="I validate the item added" library="actions_Page_ShoppingCart">
<arg>${itemTwo_Name}</arg>
<arg>${itemTwo_Price}</arg>
<arg>${itemTwo_Size}</arg>
<arg>${itemTwo_Color}</arg>
<arg>${itemTwo_Count}</arg>
<kw name="Get Element Count" library="Browser">
<arg>xpath=//table[@id = "shopping-cart-table"]//tr[@class = "item-info"]//a[contains(text(), "${itemName}")]</arg>
<arg>&gt;</arg>
<arg>0</arg>
<arg>"The item \"${itemName}\" was not found!"</arg>
<tag>Assertion</tag>
<tag>Getter</tag>
<tag>PageContent</tag>
<doc>Returns the count of elements found with ``selector``.</doc>
<status status="PASS" starttime="20231026 08:17:26.859" endtime="20231026 08:17:26.868"/>
</kw>
<kw name="Get Text" library="Browser">
<arg>xpath=//table[@id = "shopping-cart-table"]//a[contains(text(), "${itemName}")]//ancestor::tr[@class = "item-info"]//td[@data-th= "Price"]//span[@class = "price"]</arg>
<arg>*=</arg>
<arg>${itemPrice}</arg>
<arg>"The item \"${itemName}\" price is incorrect!"</arg>
<tag>Assertion</tag>
<tag>Getter</tag>
<tag>PageContent</tag>
<doc>Returns text attribute of the element found by ``selector``.</doc>
<msg timestamp="20231026 08:17:26.930" level="INFO">Text: '$45.00'</msg>
<status status="PASS" starttime="20231026 08:17:26.869" endtime="20231026 08:17:26.930"/>
</kw>
<kw name="Get Attribute" library="Browser">
<arg>xpath=//table[@id = "shopping-cart-table"]//a[contains(text(), "${itemName}")]//ancestor::tr[@class = "item-info"]//td[@data-th= "Qty"]//input</arg>
<arg>value</arg>
<arg>==</arg>
<arg>${itemCount}</arg>
<arg>"The item \"${itemName}\" quantity is incorrect!"</arg>
<tag>Assertion</tag>
<tag>Getter</tag>
<tag>PageContent</tag>
<doc>Returns the HTML ``attribute`` of the element found by ``selector``.</doc>
<msg timestamp="20231026 08:17:26.938" level="INFO">Attribute is: '2'</msg>
<status status="PASS" starttime="20231026 08:17:26.931" endtime="20231026 08:17:26.938"/>
</kw>
<kw name="Evaluate" library="BuiltIn">
<var>${itemSubTotal}</var>
<arg>${itemPrice} * ${itemCount}</arg>
<doc>Evaluates the given expression in Python and returns the result.</doc>
<msg timestamp="20231026 08:17:26.938" level="INFO">${itemSubTotal} = 90.0</msg>
<status status="PASS" starttime="20231026 08:17:26.938" endtime="20231026 08:17:26.938"/>
</kw>
<kw name="Convert To Number" library="BuiltIn">
<var>${itemSubTotal}</var>
<arg>${itemSubTotal}</arg>
<arg>2</arg>
<doc>Converts the given item to a floating point number.</doc>
<msg timestamp="20231026 08:17:26.939" level="INFO">${itemSubTotal} = 90.0</msg>
<status status="PASS" starttime="20231026 08:17:26.939" endtime="20231026 08:17:26.939"/>
</kw>
<kw name="Evaluate" library="BuiltIn">
<var>${orderTotal}</var>
<arg>${orderTotal} + ${itemSubTotal}</arg>
<doc>Evaluates the given expression in Python and returns the result.</doc>
<msg timestamp="20231026 08:17:26.939" level="INFO">${orderTotal} = 139.0</msg>
<status status="PASS" starttime="20231026 08:17:26.939" endtime="20231026 08:17:26.939"/>
</kw>
<kw name="Convert To Number" library="BuiltIn">
<var>${orderTotal}</var>
<arg>${orderTotal}</arg>
<arg>2</arg>
<doc>Converts the given item to a floating point number.</doc>
<msg timestamp="20231026 08:17:26.939" level="INFO">${orderTotal} = 139.0</msg>
<status status="PASS" starttime="20231026 08:17:26.939" endtime="20231026 08:17:26.939"/>
</kw>
<kw name="Set Global Variable" library="BuiltIn">
<arg>${orderTotal}</arg>
<arg>${orderTotal}</arg>
<doc>Makes a variable available globally in all tests and suites.</doc>
<msg timestamp="20231026 08:17:26.940" level="INFO">${orderTotal} = 139.0</msg>
<status status="PASS" starttime="20231026 08:17:26.940" endtime="20231026 08:17:26.940"/>
</kw>
<kw name="Convert To String" library="BuiltIn">
<var>${itemSubTotal}</var>
<arg>${itemSubTotal}</arg>
<doc>Converts the given item to a Unicode string.</doc>
<msg timestamp="20231026 08:17:26.941" level="INFO">${itemSubTotal} = 90.0</msg>
<status status="PASS" starttime="20231026 08:17:26.940" endtime="20231026 08:17:26.941"/>
</kw>
<kw name="Catenate" library="BuiltIn">
<var>${itemSubTotal}</var>
<arg>$${itemSubTotal}</arg>
<doc>Catenates the given items together and returns the resulted string.</doc>
<msg timestamp="20231026 08:17:26.941" level="INFO">${itemSubTotal} = $90.0</msg>
<status status="PASS" starttime="20231026 08:17:26.941" endtime="20231026 08:17:26.941"/>
</kw>
<kw name="Get Text" library="Browser">
<arg>xpath=//table[@id = "shopping-cart-table"]//a[contains(text(), "${itemName}")]//ancestor::tr[@class = "item-info"]//td[@data-th= "Subtotal"]//span[@class = "price"]</arg>
<arg>*=</arg>
<arg>${itemSubTotal}</arg>
<arg>"The item \"${itemName}\" subtotal is incorrect!"</arg>
<tag>Assertion</tag>
<tag>Getter</tag>
<tag>PageContent</tag>
<doc>Returns text attribute of the element found by ``selector``.</doc>
<msg timestamp="20231026 08:17:26.957" level="INFO">Text: '$90.00'</msg>
<status status="PASS" starttime="20231026 08:17:26.941" endtime="20231026 08:17:26.957"/>
</kw>
<status status="PASS" starttime="20231026 08:17:26.859" endtime="20231026 08:17:26.957"/>
</kw>
<status status="PASS" starttime="20231026 08:17:24.868" endtime="20231026 08:17:26.957"/>
</kw>
<kw name="I validate the total amount" library="actions_Page_ShoppingCart">
<kw name="Convert To String" library="BuiltIn">
<var>${orderTotal}</var>
<arg>${orderTotal}</arg>
<doc>Converts the given item to a Unicode string.</doc>
<msg timestamp="20231026 08:17:26.958" level="INFO">${orderTotal} = 139.0</msg>
<status status="PASS" starttime="20231026 08:17:26.957" endtime="20231026 08:17:26.958"/>
</kw>
<kw name="Catenate" library="BuiltIn">
<var>${orderTotal}</var>
<arg>$${orderTotal}</arg>
<doc>Catenates the given items together and returns the resulted string.</doc>
<msg timestamp="20231026 08:17:26.958" level="INFO">${orderTotal} = $139.0</msg>
<status status="PASS" starttime="20231026 08:17:26.958" endtime="20231026 08:17:26.958"/>
</kw>
<kw name="Get Text" library="Browser">
<arg>xpath=//tr[@class = "grand totals"]//span</arg>
<arg>*=</arg>
<arg>${orderTotal}</arg>
<arg>"Order total is incorrect!"</arg>
<tag>Assertion</tag>
<tag>Getter</tag>
<tag>PageContent</tag>
<doc>Returns text attribute of the element found by ``selector``.</doc>
<msg timestamp="20231026 08:17:28.295" level="INFO">Text: '$139.00'</msg>
<status status="PASS" starttime="20231026 08:17:26.958" endtime="20231026 08:17:28.296"/>
</kw>
<status status="PASS" starttime="20231026 08:17:26.957" endtime="20231026 08:17:28.296"/>
</kw>
<status status="PASS" starttime="20231026 08:17:08.620" endtime="20231026 08:17:28.296"/>
</test>
<kw name="Close Browser" library="Browser" type="TEARDOWN">
<tag>BrowserControl</tag>
<tag>Setter</tag>
<doc>Closes the current browser.</doc>
<msg timestamp="20231026 08:17:28.459" level="INFO">Closed browser</msg>
<status status="PASS" starttime="20231026 08:17:28.348" endtime="20231026 08:17:28.459"/>
</kw>
<status status="PASS" starttime="20231026 08:17:07.901" endtime="20231026 08:17:28.459"/>
</suite>
<statistics>
<total>
<stat pass="1" fail="0" skip="0">All Tests</stat>
</total>
<tag>
</tag>
<suite>
<stat pass="1" fail="0" skip="0" id="s1" name="E2E">E2E</stat>
</suite>
</statistics>
<errors>
</errors>
</robot>
